# JRE version: OpenJDK Runtime Environment (11.0.11+9) (build 11.0.11+9-b60-7590822)
# Java VM: OpenJDK 64-Bit Server VM (11.0.11+9-b60-7590822, mixed mode, tiered, compressed oops, g1 gc, windows-amd64)
Heap:
 garbage-first heap   total 549888K, used 218215K [0x0000000080000000, 0x0000000100000000)
  region size 1024K, 2 young (2048K), 2 survivors (2048K)
 Metaspace       used 115432K, capacity 118373K, committed 118784K, reserved 1153024K
  class space    used 14305K, capacity 15430K, committed 15692K, reserved 1048576K
GC Heap History (20 events):
Event: 31.151 GC heap after
{Heap after GC invocations=35 (full 0):
 garbage-first heap   total 380928K, used 238831K [0x0000000080000000, 0x0000000100000000)
  region size 1024K, 10 young (10240K), 10 survivors (10240K)
 Metaspace       used 115211K, capacity 118148K, committed 118528K, reserved 1153024K
  class space    used 14285K, capacity 15424K, committed 15692K, reserved 1048576K
}
Event: 31.170 GC heap before
{Heap before GC invocations=35 (full 0):
 garbage-first heap   total 380928K, used 247023K [0x0000000080000000, 0x0000000100000000)
  region size 1024K, 18 young (18432K), 10 survivors (10240K)
 Metaspace       used 115215K, capacity 118148K, committed 118528K, reserved 1153024K
  class space    used 14285K, capacity 15424K, committed 15692K, reserved 1048576K
}
Event: 31.180 GC heap after
{Heap after GC invocations=36 (full 0):
 garbage-first heap   total 380928K, used 227529K [0x0000000080000000, 0x0000000100000000)
  region size 1024K, 2 young (2048K), 2 survivors (2048K)
 Metaspace       used 115215K, capacity 118148K, committed 118528K, reserved 1153024K
  class space    used 14285K, capacity 15424K, committed 15692K, reserved 1048576K
}
Event: 31.312 GC heap before
{Heap before GC invocations=36 (full 0):
 garbage-first heap   total 380928K, used 299209K [0x0000000080000000, 0x0000000100000000)
  region size 1024K, 72 young (73728K), 2 survivors (2048K)
 Metaspace       used 115224K, capacity 118148K, committed 118528K, reserved 1153024K
  class space    used 14285K, capacity 15424K, committed 15692K, reserved 1048576K
}
Event: 31.319 GC heap after
{Heap after GC invocations=37 (full 0):
 garbage-first heap   total 380928K, used 230706K [0x0000000080000000, 0x0000000100000000)
  region size 1024K, 5 young (5120K), 5 survivors (5120K)
 Metaspace       used 115224K, capacity 118148K, committed 118528K, reserved 1153024K
  class space    used 14285K, capacity 15424K, committed 15692K, reserved 1048576K
}
Event: 31.528 GC heap before
{Heap before GC invocations=38 (full 0):
 garbage-first heap   total 380928K, used 304128K [0x0000000080000000, 0x0000000100000000)
  region size 1024K, 77 young (78848K), 5 survivors (5120K)
 Metaspace       used 115258K, capacity 118212K, committed 118784K, reserved 1153024K
  class space    used 14285K, capacity 15424K, committed 15692K, reserved 1048576K
}
Event: 31.553 GC heap after
{Heap after GC invocations=39 (full 0):
 garbage-first heap   total 380928K, used 262044K [0x0000000080000000, 0x0000000100000000)
  region size 1024K, 10 young (10240K), 10 survivors (10240K)
 Metaspace       used 115258K, capacity 118212K, committed 118784K, reserved 1153024K
  class space    used 14285K, capacity 15424K, committed 15692K, reserved 1048576K
}
Event: 31.564 GC heap before
{Heap before GC invocations=39 (full 0):
 garbage-first heap   total 380928K, used 270236K [0x0000000080000000, 0x0000000100000000)
  region size 1024K, 18 young (18432K), 10 survivors (10240K)
 Metaspace       used 115258K, capacity 118212K, committed 118784K, reserved 1153024K
  class space    used 14285K, capacity 15424K, committed 15692K, reserved 1048576K
}
Event: 31.578 GC heap after
{Heap after GC invocations=40 (full 0):
 garbage-first heap   total 380928K, used 253868K [0x0000000080000000, 0x0000000100000000)
  region size 1024K, 3 young (3072K), 3 survivors (3072K)
 Metaspace       used 115258K, capacity 118212K, committed 118784K, reserved 1153024K
  class space    used 14285K, capacity 15424K, committed 15692K, reserved 1048576K
}
Event: 31.663 GC heap before
{Heap before GC invocations=40 (full 0):
 garbage-first heap   total 380928K, used 304044K [0x0000000080000000, 0x0000000100000000)
  region size 1024K, 52 young (53248K), 3 survivors (3072K)
 Metaspace       used 115260K, capacity 118212K, committed 118784K, reserved 1153024K
  class space    used 14285K, capacity 15424K, committed 15692K, reserved 1048576K
}
Event: 31.673 GC heap after
{Heap after GC invocations=41 (full 0):
 garbage-first heap   total 380928K, used 256826K [0x0000000080000000, 0x0000000100000000)
  region size 1024K, 6 young (6144K), 6 survivors (6144K)
 Metaspace       used 115260K, capacity 118212K, committed 118784K, reserved 1153024K
  class space    used 14285K, capacity 15424K, committed 15692K, reserved 1048576K
}
Event: 31.810 GC heap before
{Heap before GC invocations=41 (full 0):
 garbage-first heap   total 380928K, used 290618K [0x0000000080000000, 0x0000000100000000)
  region size 1024K, 57 young (58368K), 6 survivors (6144K)
 Metaspace       used 115267K, capacity 118212K, committed 118784K, reserved 1153024K
  class space    used 14285K, capacity 15424K, committed 15692K, reserved 1048576K
}
Event: 31.823 GC heap after
{Heap after GC invocations=42 (full 0):
 garbage-first heap   total 380928K, used 255827K [0x0000000080000000, 0x0000000100000000)
  region size 1024K, 8 young (8192K), 8 survivors (8192K)
 Metaspace       used 115267K, capacity 118212K, committed 118784K, reserved 1153024K
  class space    used 14285K, capacity 15424K, committed 15692K, reserved 1048576K
}
Event: 31.926 GC heap before
{Heap before GC invocations=43 (full 0):
 garbage-first heap   total 380928K, used 303955K [0x0000000080000000, 0x0000000100000000)
  region size 1024K, 55 young (56320K), 8 survivors (8192K)
 Metaspace       used 115384K, capacity 118276K, committed 118784K, reserved 1153024K
  class space    used 14299K, capacity 15424K, committed 15692K, reserved 1048576K
}
Event: 31.948 GC heap after
{Heap after GC invocations=44 (full 0):
 garbage-first heap   total 380928K, used 273864K [0x0000000080000000, 0x0000000100000000)
  region size 1024K, 7 young (7168K), 7 survivors (7168K)
 Metaspace       used 115384K, capacity 118276K, committed 118784K, reserved 1153024K
  class space    used 14299K, capacity 15424K, committed 15692K, reserved 1048576K
}
Event: 31.966 GC heap before
{Heap before GC invocations=44 (full 0):
 garbage-first heap   total 380928K, used 285128K [0x0000000080000000, 0x0000000100000000)
  region size 1024K, 18 young (18432K), 7 survivors (7168K)
 Metaspace       used 115384K, capacity 118276K, committed 118784K, reserved 1153024K
  class space    used 14299K, capacity 15424K, committed 15692K, reserved 1048576K
}
Event: 31.979 GC heap after
{Heap after GC invocations=45 (full 0):
 garbage-first heap   total 380928K, used 256648K [0x0000000080000000, 0x0000000100000000)
  region size 1024K, 2 young (2048K), 2 survivors (2048K)
 Metaspace       used 115384K, capacity 118276K, committed 118784K, reserved 1153024K
  class space    used 14299K, capacity 15424K, committed 15692K, reserved 1048576K
}
Event: 32.052 GC heap before
{Heap before GC invocations=45 (full 0):
 garbage-first heap   total 380928K, used 301704K [0x0000000080000000, 0x0000000100000000)
  region size 1024K, 46 young (47104K), 2 survivors (2048K)
 Metaspace       used 115384K, capacity 118276K, committed 118784K, reserved 1153024K
  class space    used 14299K, capacity 15424K, committed 15692K, reserved 1048576K
}
Event: 32.059 GC heap after
{Heap after GC invocations=46 (full 0):
 garbage-first heap   total 380928K, used 259988K [0x0000000080000000, 0x0000000100000000)
  region size 1024K, 6 young (6144K), 6 survivors (6144K)
 Metaspace       used 115384K, capacity 118276K, committed 118784K, reserved 1153024K
  class space    used 14299K, capacity 15424K, committed 15692K, reserved 1048576K
}
Event: 32.263 GC heap before
{Heap before GC invocations=47 (full 0):
 garbage-first heap   total 380928K, used 264084K [0x0000000080000000, 0x0000000100000000)
  region size 1024K, 51 young (52224K), 6 survivors (6144K)
 Metaspace       used 115432K, capacity 118373K, committed 118784K, reserved 1153024K
  class space    used 14305K, capacity 15430K, committed 15692K, reserved 1048576K
}

