# JRE version: OpenJDK Runtime Environment (11.0.11+9) (build 11.0.11+9-b60-7590822)
# Java VM: OpenJDK 64-Bit Server VM (11.0.11+9-b60-7590822, mixed mode, tiered, compressed oops, g1 gc, windows-amd64)
Heap:
 garbage-first heap   total 187392K, used 96959K [0x0000000080000000, 0x0000000100000000)
  region size 1024K, 29 young (29696K), 6 survivors (6144K)
 Metaspace       used 75073K, capacity 76962K, committed 77260K, reserved 1116160K
  class space    used 9655K, capacity 10383K, committed 10444K, reserved 1048576K
GC Heap History (20 events):
Event: 3.304 GC heap before
{Heap before GC invocations=5 (full 0):
 garbage-first heap   total 129024K, used 75289K [0x0000000080000000, 0x0000000100000000)
  region size 1024K, 58 young (59392K), 3 survivors (3072K)
 Metaspace       used 32309K, capacity 33026K, committed 33280K, reserved 1077248K
  class space    used 4260K, capacity 4538K, committed 4608K, reserved 1048576K
}
Event: 3.307 GC heap after
{Heap after GC invocations=6 (full 0):
 garbage-first heap   total 129024K, used 21507K [0x0000000080000000, 0x0000000100000000)
  region size 1024K, 6 young (6144K), 6 survivors (6144K)
 Metaspace       used 32309K, capacity 33026K, committed 33280K, reserved 1077248K
  class space    used 4260K, capacity 4538K, committed 4608K, reserved 1048576K
}
Event: 3.414 GC heap before
{Heap before GC invocations=6 (full 0):
 garbage-first heap   total 129024K, used 27651K [0x0000000080000000, 0x0000000100000000)
  region size 1024K, 13 young (13312K), 6 survivors (6144K)
 Metaspace       used 35020K, capacity 35786K, committed 35840K, reserved 1081344K
  class space    used 4546K, capacity 4863K, committed 4864K, reserved 1048576K
}
Event: 3.420 GC heap after
{Heap after GC invocations=7 (full 0):
 garbage-first heap   total 129024K, used 23016K [0x0000000080000000, 0x0000000100000000)
  region size 1024K, 5 young (5120K), 5 survivors (5120K)
 Metaspace       used 35020K, capacity 35786K, committed 35840K, reserved 1081344K
  class space    used 4546K, capacity 4863K, committed 4864K, reserved 1048576K
}
Event: 3.807 GC heap before
{Heap before GC invocations=8 (full 0):
 garbage-first heap   total 129024K, used 84456K [0x0000000080000000, 0x0000000100000000)
  region size 1024K, 63 young (64512K), 5 survivors (5120K)
 Metaspace       used 39438K, capacity 40404K, committed 40524K, reserved 1085440K
  class space    used 5060K, capacity 5395K, committed 5452K, reserved 1048576K
}
Event: 3.812 GC heap after
{Heap after GC invocations=9 (full 0):
 garbage-first heap   total 129024K, used 27497K [0x0000000080000000, 0x0000000100000000)
  region size 1024K, 8 young (8192K), 8 survivors (8192K)
 Metaspace       used 39438K, capacity 40404K, committed 40524K, reserved 1085440K
  class space    used 5060K, capacity 5395K, committed 5452K, reserved 1048576K
}
Event: 4.187 GC heap before
{Heap before GC invocations=9 (full 0):
 garbage-first heap   total 129024K, used 88937K [0x0000000080000000, 0x0000000100000000)
  region size 1024K, 67 young (68608K), 8 survivors (8192K)
 Metaspace       used 44117K, capacity 45135K, committed 45260K, reserved 1089536K
  class space    used 5640K, capacity 6003K, committed 6092K, reserved 1048576K
}
Event: 4.194 GC heap after
{Heap after GC invocations=10 (full 0):
 garbage-first heap   total 155648K, used 30328K [0x0000000080000000, 0x0000000100000000)
  region size 1024K, 8 young (8192K), 8 survivors (8192K)
 Metaspace       used 44117K, capacity 45135K, committed 45260K, reserved 1089536K
  class space    used 5640K, capacity 6003K, committed 6092K, reserved 1048576K
}
Event: 5.081 GC heap before
{Heap before GC invocations=10 (full 0):
 garbage-first heap   total 155648K, used 102008K [0x0000000080000000, 0x0000000100000000)
  region size 1024K, 79 young (80896K), 8 survivors (8192K)
 Metaspace       used 47518K, capacity 48846K, committed 49100K, reserved 1091584K
  class space    used 6096K, capacity 6557K, committed 6604K, reserved 1048576K
}
Event: 5.087 GC heap after
{Heap after GC invocations=11 (full 0):
 garbage-first heap   total 155648K, used 34126K [0x0000000080000000, 0x0000000100000000)
  region size 1024K, 7 young (7168K), 7 survivors (7168K)
 Metaspace       used 47518K, capacity 48846K, committed 49100K, reserved 1091584K
  class space    used 6096K, capacity 6557K, committed 6604K, reserved 1048576K
}
Event: 5.927 GC heap before
{Heap before GC invocations=11 (full 0):
 garbage-first heap   total 155648K, used 113998K [0x0000000080000000, 0x0000000100000000)
  region size 1024K, 79 young (80896K), 7 survivors (7168K)
 Metaspace       used 55645K, capacity 57216K, committed 57292K, reserved 1099776K
  class space    used 7044K, capacity 7603K, committed 7628K, reserved 1048576K
}
Event: 5.936 GC heap after
{Heap after GC invocations=12 (full 0):
 garbage-first heap   total 155648K, used 51638K [0x0000000080000000, 0x0000000100000000)
  region size 1024K, 10 young (10240K), 10 survivors (10240K)
 Metaspace       used 55645K, capacity 57216K, committed 57292K, reserved 1099776K
  class space    used 7044K, capacity 7603K, committed 7628K, reserved 1048576K
}
Event: 6.165 GC heap before
{Heap before GC invocations=12 (full 0):
 garbage-first heap   total 155648K, used 81334K [0x0000000080000000, 0x0000000100000000)
  region size 1024K, 41 young (41984K), 10 survivors (10240K)
 Metaspace       used 58536K, capacity 60122K, committed 60236K, reserved 1101824K
  class space    used 7427K, capacity 7993K, committed 8012K, reserved 1048576K
}
Event: 6.172 GC heap after
{Heap after GC invocations=13 (full 0):
 garbage-first heap   total 155648K, used 56172K [0x0000000080000000, 0x0000000100000000)
  region size 1024K, 4 young (4096K), 4 survivors (4096K)
 Metaspace       used 58536K, capacity 60122K, committed 60236K, reserved 1101824K
  class space    used 7427K, capacity 7993K, committed 8012K, reserved 1048576K
}
Event: 7.016 GC heap before
{Heap before GC invocations=14 (full 0):
 garbage-first heap   total 155648K, used 106348K [0x0000000080000000, 0x0000000100000000)
  region size 1024K, 53 young (54272K), 4 survivors (4096K)
 Metaspace       used 65123K, capacity 66821K, committed 67020K, reserved 1107968K
  class space    used 8232K, capacity 8873K, committed 8908K, reserved 1048576K
}
Event: 7.022 GC heap after
{Heap after GC invocations=15 (full 0):
 garbage-first heap   total 187392K, used 58484K [0x0000000080000000, 0x0000000100000000)
  region size 1024K, 6 young (6144K), 6 survivors (6144K)
 Metaspace       used 65123K, capacity 66821K, committed 67020K, reserved 1107968K
  class space    used 8232K, capacity 8873K, committed 8908K, reserved 1048576K
}
Event: 7.548 GC heap before
{Heap before GC invocations=15 (full 0):
 garbage-first heap   total 187392K, used 124020K [0x0000000080000000, 0x0000000100000000)
  region size 1024K, 70 young (71680K), 6 survivors (6144K)
 Metaspace       used 67077K, capacity 68795K, committed 69068K, reserved 1110016K
  class space    used 8446K, capacity 9120K, committed 9164K, reserved 1048576K
}
Event: 7.556 GC heap after
{Heap after GC invocations=16 (full 0):
 garbage-first heap   total 187392K, used 64317K [0x0000000080000000, 0x0000000100000000)
  region size 1024K, 9 young (9216K), 9 survivors (9216K)
 Metaspace       used 67077K, capacity 68795K, committed 69068K, reserved 1110016K
  class space    used 8446K, capacity 9120K, committed 9164K, reserved 1048576K
}
Event: 8.309 GC heap before
{Heap before GC invocations=16 (full 0):
 garbage-first heap   total 187392K, used 129853K [0x0000000080000000, 0x0000000100000000)
  region size 1024K, 73 young (74752K), 9 survivors (9216K)
 Metaspace       used 73229K, capacity 75036K, committed 75212K, reserved 1114112K
  class space    used 9401K, capacity 10107K, committed 10188K, reserved 1048576K
}
Event: 8.316 GC heap after
{Heap after GC invocations=17 (full 0):
 garbage-first heap   total 187392K, used 69311K [0x0000000080000000, 0x0000000100000000)
  region size 1024K, 6 young (6144K), 6 survivors (6144K)
 Metaspace       used 73229K, capacity 75036K, committed 75212K, reserved 1114112K
  class space    used 9401K, capacity 10107K, committed 10188K, reserved 1048576K
}

