# JRE version: OpenJDK Runtime Environment (11.0.11+9) (build 11.0.11+9-b60-7590822)
# Java VM: OpenJDK 64-Bit Server VM (11.0.11+9-b60-7590822, mixed mode, tiered, compressed oops, g1 gc, windows-amd64)
Heap:
 garbage-first heap   total 366592K, used 187177K [0x0000000080000000, 0x0000000100000000)
  region size 1024K, 9 young (9216K), 9 survivors (9216K)
 Metaspace       used 100860K, capacity 103435K, committed 103552K, reserved 1138688K
  class space    used 12483K, capacity 13438K, committed 13516K, reserved 1048576K
GC Heap History (20 events):
Event: 16.701 GC heap after
{Heap after GC invocations=43 (full 0):
 garbage-first heap   total 225280K, used 158964K [0x0000000080000000, 0x0000000100000000)
  region size 1024K, 4 young (4096K), 4 survivors (4096K)
 Metaspace       used 93226K, capacity 95609K, committed 96256K, reserved 1132544K
  class space    used 11716K, capacity 12608K, committed 12876K, reserved 1048576K
}
Event: 16.920 GC heap before
{Heap before GC invocations=43 (full 0):
 garbage-first heap   total 225280K, used 183540K [0x0000000080000000, 0x0000000100000000)
  region size 1024K, 29 young (29696K), 4 survivors (4096K)
 Metaspace       used 93684K, capacity 96095K, committed 96768K, reserved 1132544K
  class space    used 11733K, capacity 12641K, committed 12876K, reserved 1048576K
}
Event: 16.927 GC heap after
{Heap after GC invocations=44 (full 0):
 garbage-first heap   total 305152K, used 159792K [0x0000000080000000, 0x0000000100000000)
  region size 1024K, 1 young (1024K), 1 survivors (1024K)
 Metaspace       used 93684K, capacity 96095K, committed 96768K, reserved 1132544K
  class space    used 11733K, capacity 12641K, committed 12876K, reserved 1048576K
}
Event: 17.419 GC heap before
{Heap before GC invocations=44 (full 0):
 garbage-first heap   total 305152K, used 242736K [0x0000000080000000, 0x0000000100000000)
  region size 1024K, 53 young (54272K), 1 survivors (1024K)
 Metaspace       used 94031K, capacity 96498K, committed 97024K, reserved 1134592K
  class space    used 11759K, capacity 12656K, committed 12876K, reserved 1048576K
}
Event: 17.421 GC heap after
{Heap after GC invocations=45 (full 0):
 garbage-first heap   total 305152K, used 159952K [0x0000000080000000, 0x0000000100000000)
  region size 1024K, 2 young (2048K), 2 survivors (2048K)
 Metaspace       used 94031K, capacity 96498K, committed 97024K, reserved 1134592K
  class space    used 11759K, capacity 12656K, committed 12876K, reserved 1048576K
}
Event: 17.661 GC heap before
{Heap before GC invocations=45 (full 0):
 garbage-first heap   total 305152K, used 218320K [0x0000000080000000, 0x0000000100000000)
  region size 1024K, 58 young (59392K), 2 survivors (2048K)
 Metaspace       used 94443K, capacity 96921K, committed 97408K, reserved 1134592K
  class space    used 11797K, capacity 12734K, committed 13004K, reserved 1048576K
}
Event: 17.672 GC heap after
{Heap after GC invocations=46 (full 0):
 garbage-first heap   total 305152K, used 169720K [0x0000000080000000, 0x0000000100000000)
  region size 1024K, 8 young (8192K), 8 survivors (8192K)
 Metaspace       used 94443K, capacity 96921K, committed 97408K, reserved 1134592K
  class space    used 11797K, capacity 12734K, committed 13004K, reserved 1048576K
}
Event: 18.584 GC heap before
{Heap before GC invocations=46 (full 0):
 garbage-first heap   total 305152K, used 226040K [0x0000000080000000, 0x0000000100000000)
  region size 1024K, 64 young (65536K), 8 survivors (8192K)
 Metaspace       used 95184K, capacity 97711K, committed 98176K, reserved 1134592K
  class space    used 11867K, capacity 12811K, committed 13004K, reserved 1048576K
}
Event: 18.590 GC heap after
{Heap after GC invocations=47 (full 0):
 garbage-first heap   total 305152K, used 167303K [0x0000000080000000, 0x0000000100000000)
  region size 1024K, 4 young (4096K), 4 survivors (4096K)
 Metaspace       used 95184K, capacity 97711K, committed 98176K, reserved 1134592K
  class space    used 11867K, capacity 12811K, committed 13004K, reserved 1048576K
}
Event: 18.915 GC heap before
{Heap before GC invocations=47 (full 0):
 garbage-first heap   total 305152K, used 229767K [0x0000000080000000, 0x0000000100000000)
  region size 1024K, 65 young (66560K), 4 survivors (4096K)
 Metaspace       used 97523K, capacity 100064K, committed 100224K, reserved 1136640K
  class space    used 12182K, capacity 13126K, committed 13260K, reserved 1048576K
}
Event: 18.919 GC heap after
{Heap after GC invocations=48 (full 0):
 garbage-first heap   total 305152K, used 166975K [0x0000000080000000, 0x0000000100000000)
  region size 1024K, 4 young (4096K), 4 survivors (4096K)
 Metaspace       used 97523K, capacity 100064K, committed 100224K, reserved 1136640K
  class space    used 12182K, capacity 13126K, committed 13260K, reserved 1048576K
}
Event: 19.518 GC heap before
{Heap before GC invocations=48 (full 0):
 garbage-first heap   total 305152K, used 234559K [0x0000000080000000, 0x0000000100000000)
  region size 1024K, 69 young (70656K), 4 survivors (4096K)
 Metaspace       used 99309K, capacity 101812K, committed 102016K, reserved 1138688K
  class space    used 12373K, capacity 13334K, committed 13516K, reserved 1048576K
}
Event: 19.525 GC heap after
{Heap after GC invocations=49 (full 0):
 garbage-first heap   total 305152K, used 170281K [0x0000000080000000, 0x0000000100000000)
  region size 1024K, 7 young (7168K), 7 survivors (7168K)
 Metaspace       used 99309K, capacity 101812K, committed 102016K, reserved 1138688K
  class space    used 12373K, capacity 13334K, committed 13516K, reserved 1048576K
}
Event: 20.308 GC heap before
{Heap before GC invocations=49 (full 0):
 garbage-first heap   total 305152K, used 236841K [0x0000000080000000, 0x0000000100000000)
  region size 1024K, 73 young (74752K), 7 survivors (7168K)
 Metaspace       used 100069K, capacity 102621K, committed 102784K, reserved 1138688K
  class space    used 12427K, capacity 13392K, committed 13516K, reserved 1048576K
}
Event: 20.315 GC heap after
{Heap after GC invocations=50 (full 0):
 garbage-first heap   total 305152K, used 173118K [0x0000000080000000, 0x0000000100000000)
  region size 1024K, 7 young (7168K), 7 survivors (7168K)
 Metaspace       used 100069K, capacity 102621K, committed 102784K, reserved 1138688K
  class space    used 12427K, capacity 13392K, committed 13516K, reserved 1048576K
}
Event: 20.610 GC heap before
{Heap before GC invocations=50 (full 0):
 garbage-first heap   total 305152K, used 240702K [0x0000000080000000, 0x0000000100000000)
  region size 1024K, 74 young (75776K), 7 survivors (7168K)
 Metaspace       used 100700K, capacity 103239K, committed 103552K, reserved 1138688K
  class space    used 12475K, capacity 13438K, committed 13516K, reserved 1048576K
}
Event: 20.620 GC heap after
{Heap after GC invocations=51 (full 0):
 garbage-first heap   total 305152K, used 178937K [0x0000000080000000, 0x0000000100000000)
  region size 1024K, 9 young (9216K), 9 survivors (9216K)
 Metaspace       used 100700K, capacity 103239K, committed 103552K, reserved 1138688K
  class space    used 12475K, capacity 13438K, committed 13516K, reserved 1048576K
}
Event: 20.803 GC heap before
{Heap before GC invocations=51 (full 0):
 garbage-first heap   total 305152K, used 245497K [0x0000000080000000, 0x0000000100000000)
  region size 1024K, 75 young (76800K), 9 survivors (9216K)
 Metaspace       used 100737K, capacity 103304K, committed 103552K, reserved 1138688K
  class space    used 12475K, capacity 13438K, committed 13516K, reserved 1048576K
}
Event: 20.816 GC heap after
{Heap after GC invocations=52 (full 0):
 garbage-first heap   total 305152K, used 184570K [0x0000000080000000, 0x0000000100000000)
  region size 1024K, 10 young (10240K), 10 survivors (10240K)
 Metaspace       used 100737K, capacity 103304K, committed 103552K, reserved 1138688K
  class space    used 12475K, capacity 13438K, committed 13516K, reserved 1048576K
}
Event: 20.990 GC heap before
{Heap before GC invocations=52 (full 0):
 garbage-first heap   total 305152K, used 247034K [0x0000000080000000, 0x0000000100000000)
  region size 1024K, 72 young (73728K), 10 survivors (10240K)
 Metaspace       used 100860K, capacity 103435K, committed 103552K, reserved 1138688K
  class space    used 12483K, capacity 13438K, committed 13516K, reserved 1048576K
}

