# JRE version: OpenJDK Runtime Environment (11.0.11+9) (build 11.0.11+9-b60-7590822)
# Java VM: OpenJDK 64-Bit Server VM (11.0.11+9-b60-7590822, mixed mode, tiered, compressed oops, g1 gc, windows-amd64)
Heap:
 garbage-first heap   total 187392K, used 114187K [0x0000000080000000, 0x0000000100000000)
  region size 1024K, 46 young (47104K), 6 survivors (6144K)
 Metaspace       used 77867K, capacity 79716K, committed 80000K, reserved 1118208K
  class space    used 10127K, capacity 10850K, committed 10956K, reserved 1048576K
GC Heap History (20 events):
Event: 2.627 GC heap before
{Heap before GC invocations=5 (full 0):
 garbage-first heap   total 129024K, used 69189K [0x0000000080000000, 0x0000000100000000)
  region size 1024K, 54 young (55296K), 4 survivors (4096K)
 Metaspace       used 35039K, capacity 35786K, committed 35840K, reserved 1081344K
  class space    used 4555K, capacity 4863K, committed 4864K, reserved 1048576K
}
Event: 2.633 GC heap after
{Heap after GC invocations=6 (full 0):
 garbage-first heap   total 129024K, used 22480K [0x0000000080000000, 0x0000000100000000)
  region size 1024K, 7 young (7168K), 7 survivors (7168K)
 Metaspace       used 35039K, capacity 35786K, committed 35840K, reserved 1081344K
  class space    used 4555K, capacity 4863K, committed 4864K, reserved 1048576K
}
Event: 3.136 GC heap before
{Heap before GC invocations=7 (full 0):
 garbage-first heap   total 129024K, used 93136K [0x0000000080000000, 0x0000000100000000)
  region size 1024K, 74 young (75776K), 7 survivors (7168K)
 Metaspace       used 40312K, capacity 41205K, committed 41420K, reserved 1085440K
  class space    used 5186K, capacity 5533K, committed 5580K, reserved 1048576K
}
Event: 3.143 GC heap after
{Heap after GC invocations=8 (full 0):
 garbage-first heap   total 129024K, used 27757K [0x0000000080000000, 0x0000000100000000)
  region size 1024K, 9 young (9216K), 9 survivors (9216K)
 Metaspace       used 40312K, capacity 41205K, committed 41420K, reserved 1085440K
  class space    used 5186K, capacity 5533K, committed 5580K, reserved 1048576K
}
Event: 3.593 GC heap before
{Heap before GC invocations=8 (full 0):
 garbage-first heap   total 129024K, used 93293K [0x0000000080000000, 0x0000000100000000)
  region size 1024K, 73 young (74752K), 9 survivors (9216K)
 Metaspace       used 45221K, capacity 46306K, committed 46540K, reserved 1089536K
  class space    used 5805K, capacity 6222K, committed 6348K, reserved 1048576K
}
Event: 3.600 GC heap after
{Heap after GC invocations=9 (full 0):
 garbage-first heap   total 155648K, used 30524K [0x0000000080000000, 0x0000000100000000)
  region size 1024K, 8 young (8192K), 8 survivors (8192K)
 Metaspace       used 45221K, capacity 46306K, committed 46540K, reserved 1089536K
  class space    used 5805K, capacity 6222K, committed 6348K, reserved 1048576K
}
Event: 4.237 GC heap before
{Heap before GC invocations=9 (full 0):
 garbage-first heap   total 155648K, used 117564K [0x0000000080000000, 0x0000000100000000)
  region size 1024K, 87 young (89088K), 8 survivors (8192K)
 Metaspace       used 48235K, capacity 49620K, committed 49740K, reserved 1091584K
  class space    used 6184K, capacity 6684K, committed 6732K, reserved 1048576K
}
Event: 4.246 GC heap after
{Heap after GC invocations=10 (full 0):
 garbage-first heap   total 155648K, used 49210K [0x0000000080000000, 0x0000000100000000)
  region size 1024K, 11 young (11264K), 11 survivors (11264K)
 Metaspace       used 48235K, capacity 49620K, committed 49740K, reserved 1091584K
  class space    used 6184K, capacity 6684K, committed 6732K, reserved 1048576K
}
Event: 4.834 GC heap before
{Heap before GC invocations=10 (full 0):
 garbage-first heap   total 155648K, used 115770K [0x0000000080000000, 0x0000000100000000)
  region size 1024K, 76 young (77824K), 11 survivors (11264K)
 Metaspace       used 57195K, capacity 58813K, committed 58956K, reserved 1099776K
  class space    used 7284K, capacity 7879K, committed 8012K, reserved 1048576K
}
Event: 4.841 GC heap after
{Heap after GC invocations=11 (full 0):
 garbage-first heap   total 155648K, used 53320K [0x0000000080000000, 0x0000000100000000)
  region size 1024K, 4 young (4096K), 4 survivors (4096K)
 Metaspace       used 57195K, capacity 58813K, committed 58956K, reserved 1099776K
  class space    used 7284K, capacity 7879K, committed 8012K, reserved 1048576K
}
Event: 4.955 GC heap before
{Heap before GC invocations=11 (full 0):
 garbage-first heap   total 155648K, used 66632K [0x0000000080000000, 0x0000000100000000)
  region size 1024K, 19 young (19456K), 4 survivors (4096K)
 Metaspace       used 58584K, capacity 60133K, committed 60288K, reserved 1101824K
  class space    used 7439K, capacity 8040K, committed 8140K, reserved 1048576K
}
Event: 4.961 GC heap after
{Heap after GC invocations=12 (full 0):
 garbage-first heap   total 155648K, used 54487K [0x0000000080000000, 0x0000000100000000)
  region size 1024K, 6 young (6144K), 6 survivors (6144K)
 Metaspace       used 58584K, capacity 60133K, committed 60288K, reserved 1101824K
  class space    used 7439K, capacity 8040K, committed 8140K, reserved 1048576K
}
Event: 5.633 GC heap before
{Heap before GC invocations=13 (full 0):
 garbage-first heap   total 155648K, used 111831K [0x0000000080000000, 0x0000000100000000)
  region size 1024K, 62 young (63488K), 6 survivors (6144K)
 Metaspace       used 65739K, capacity 67402K, committed 67584K, reserved 1107968K
  class space    used 8289K, capacity 8938K, committed 9036K, reserved 1048576K
}
Event: 5.639 GC heap after
{Heap after GC invocations=14 (full 0):
 garbage-first heap   total 155648K, used 57593K [0x0000000080000000, 0x0000000100000000)
  region size 1024K, 6 young (6144K), 6 survivors (6144K)
 Metaspace       used 65739K, capacity 67402K, committed 67584K, reserved 1107968K
  class space    used 8289K, capacity 8938K, committed 9036K, reserved 1048576K
}
Event: 5.907 GC heap before
{Heap before GC invocations=14 (full 0):
 garbage-first heap   total 155648K, used 116985K [0x0000000080000000, 0x0000000100000000)
  region size 1024K, 64 young (65536K), 6 survivors (6144K)
 Metaspace       used 67114K, capacity 68803K, committed 68992K, reserved 1110016K
  class space    used 8452K, capacity 9122K, committed 9164K, reserved 1048576K
}
Event: 5.914 GC heap after
{Heap after GC invocations=15 (full 0):
 garbage-first heap   total 155648K, used 63148K [0x0000000080000000, 0x0000000100000000)
  region size 1024K, 8 young (8192K), 8 survivors (8192K)
 Metaspace       used 67114K, capacity 68803K, committed 68992K, reserved 1110016K
  class space    used 8452K, capacity 9122K, committed 9164K, reserved 1048576K
}
Event: 6.340 GC heap before
{Heap before GC invocations=15 (full 0):
 garbage-first heap   total 155648K, used 119468K [0x0000000080000000, 0x0000000100000000)
  region size 1024K, 63 young (64512K), 8 survivors (8192K)
 Metaspace       used 72573K, capacity 74367K, committed 74496K, reserved 1114112K
  class space    used 9315K, capacity 9994K, committed 10060K, reserved 1048576K
}
Event: 6.346 GC heap after
{Heap after GC invocations=16 (full 0):
 garbage-first heap   total 187392K, used 67266K [0x0000000080000000, 0x0000000100000000)
  region size 1024K, 4 young (4096K), 4 survivors (4096K)
 Metaspace       used 72573K, capacity 74367K, committed 74496K, reserved 1114112K
  class space    used 9315K, capacity 9994K, committed 10060K, reserved 1048576K
}
Event: 6.701 GC heap before
{Heap before GC invocations=16 (full 0):
 garbage-first heap   total 187392K, used 125634K [0x0000000080000000, 0x0000000100000000)
  region size 1024K, 42 young (43008K), 4 survivors (4096K)
 Metaspace       used 75213K, capacity 77039K, committed 77184K, reserved 1116160K
  class space    used 9665K, capacity 10385K, committed 10444K, reserved 1048576K
}
Event: 6.710 GC heap after
{Heap after GC invocations=17 (full 0):
 garbage-first heap   total 187392K, used 69131K [0x0000000080000000, 0x0000000100000000)
  region size 1024K, 6 young (6144K), 6 survivors (6144K)
 Metaspace       used 75213K, capacity 77039K, committed 77184K, reserved 1116160K
  class space    used 9665K, capacity 10385K, committed 10444K, reserved 1048576K
}

