# JRE version: OpenJDK Runtime Environment (11.0.11+9) (build 11.0.11+9-b60-7590822)
# Java VM: OpenJDK 64-Bit Server VM (11.0.11+9-b60-7590822, mixed mode, tiered, compressed oops, g1 gc, windows-amd64)
Heap:
 garbage-first heap   total 155648K, used 116551K [0x0000000080000000, 0x0000000100000000)
  region size 1024K, 65 young (66560K), 7 survivors (7168K)
 Metaspace       used 68005K, capacity 69724K, committed 69888K, reserved 1110016K
  class space    used 8568K, capacity 9259K, committed 9292K, reserved 1048576K
GC Heap History (20 events):
Event: 1.320 GC heap before
{Heap before GC invocations=1 (full 0):
 garbage-first heap   total 129024K, used 83076K [0x0000000080000000, 0x0000000100000000)
  region size 1024K, 75 young (76800K), 3 survivors (3072K)
 Metaspace       used 17608K, capacity 18056K, committed 18176K, reserved 1064960K
  class space    used 2085K, capacity 2219K, committed 2304K, reserved 1048576K
}
Event: 1.324 GC heap after
{Heap after GC invocations=2 (full 0):
 garbage-first heap   total 129024K, used 16021K [0x0000000080000000, 0x0000000100000000)
  region size 1024K, 10 young (10240K), 10 survivors (10240K)
 Metaspace       used 17608K, capacity 18056K, committed 18176K, reserved 1064960K
  class space    used 2085K, capacity 2219K, committed 2304K, reserved 1048576K
}
Event: 1.495 GC heap before
{Heap before GC invocations=2 (full 0):
 garbage-first heap   total 129024K, used 40597K [0x0000000080000000, 0x0000000100000000)
  region size 1024K, 35 young (35840K), 10 survivors (10240K)
 Metaspace       used 20658K, capacity 21075K, committed 21248K, reserved 1067008K
  class space    used 2538K, capacity 2693K, committed 2816K, reserved 1048576K
}
Event: 1.501 GC heap after
{Heap after GC invocations=3 (full 0):
 garbage-first heap   total 129024K, used 16767K [0x0000000080000000, 0x0000000100000000)
  region size 1024K, 2 young (2048K), 2 survivors (2048K)
 Metaspace       used 20658K, capacity 21075K, committed 21248K, reserved 1067008K
  class space    used 2538K, capacity 2693K, committed 2816K, reserved 1048576K
}
Event: 1.886 GC heap before
{Heap before GC invocations=4 (full 0):
 garbage-first heap   total 129024K, used 75135K [0x0000000080000000, 0x0000000100000000)
  region size 1024K, 59 young (60416K), 2 survivors (2048K)
 Metaspace       used 26472K, capacity 27026K, committed 27264K, reserved 1073152K
  class space    used 3474K, capacity 3683K, committed 3712K, reserved 1048576K
}
Event: 1.888 GC heap after
{Heap after GC invocations=5 (full 0):
 garbage-first heap   total 129024K, used 18760K [0x0000000080000000, 0x0000000100000000)
  region size 1024K, 4 young (4096K), 4 survivors (4096K)
 Metaspace       used 26472K, capacity 27026K, committed 27264K, reserved 1073152K
  class space    used 3474K, capacity 3683K, committed 3712K, reserved 1048576K
}
Event: 2.351 GC heap before
{Heap before GC invocations=5 (full 0):
 garbage-first heap   total 129024K, used 70984K [0x0000000080000000, 0x0000000100000000)
  region size 1024K, 56 young (57344K), 4 survivors (4096K)
 Metaspace       used 35020K, capacity 35785K, committed 35840K, reserved 1081344K
  class space    used 4552K, capacity 4863K, committed 4864K, reserved 1048576K
}
Event: 2.357 GC heap after
{Heap after GC invocations=6 (full 0):
 garbage-first heap   total 129024K, used 22261K [0x0000000080000000, 0x0000000100000000)
  region size 1024K, 7 young (7168K), 7 survivors (7168K)
 Metaspace       used 35020K, capacity 35785K, committed 35840K, reserved 1081344K
  class space    used 4552K, capacity 4863K, committed 4864K, reserved 1048576K
}
Event: 2.836 GC heap before
{Heap before GC invocations=7 (full 0):
 garbage-first heap   total 129024K, used 90869K [0x0000000080000000, 0x0000000100000000)
  region size 1024K, 72 young (73728K), 7 survivors (7168K)
 Metaspace       used 40103K, capacity 41000K, committed 41164K, reserved 1085440K
  class space    used 5158K, capacity 5529K, committed 5580K, reserved 1048576K
}
Event: 2.843 GC heap after
{Heap after GC invocations=8 (full 0):
 garbage-first heap   total 129024K, used 27293K [0x0000000080000000, 0x0000000100000000)
  region size 1024K, 9 young (9216K), 9 survivors (9216K)
 Metaspace       used 40103K, capacity 41000K, committed 41164K, reserved 1085440K
  class space    used 5158K, capacity 5529K, committed 5580K, reserved 1048576K
}
Event: 3.218 GC heap before
{Heap before GC invocations=8 (full 0):
 garbage-first heap   total 129024K, used 91805K [0x0000000080000000, 0x0000000100000000)
  region size 1024K, 72 young (73728K), 9 survivors (9216K)
 Metaspace       used 44894K, capacity 45968K, committed 46156K, reserved 1089536K
  class space    used 5765K, capacity 6175K, committed 6220K, reserved 1048576K
}
Event: 3.225 GC heap after
{Heap after GC invocations=9 (full 0):
 garbage-first heap   total 155648K, used 30124K [0x0000000080000000, 0x0000000100000000)
  region size 1024K, 4 young (4096K), 4 survivors (4096K)
 Metaspace       used 44894K, capacity 45968K, committed 46156K, reserved 1089536K
  class space    used 5765K, capacity 6175K, committed 6220K, reserved 1048576K
}
Event: 3.732 GC heap before
{Heap before GC invocations=9 (full 0):
 garbage-first heap   total 155648K, used 117164K [0x0000000080000000, 0x0000000100000000)
  region size 1024K, 83 young (84992K), 4 survivors (4096K)
 Metaspace       used 48186K, capacity 49555K, committed 49740K, reserved 1091584K
  class space    used 6180K, capacity 6684K, committed 6732K, reserved 1048576K
}
Event: 3.739 GC heap after
{Heap after GC invocations=10 (full 0):
 garbage-first heap   total 155648K, used 48502K [0x0000000080000000, 0x0000000100000000)
  region size 1024K, 11 young (11264K), 11 survivors (11264K)
 Metaspace       used 48186K, capacity 49555K, committed 49740K, reserved 1091584K
  class space    used 6180K, capacity 6684K, committed 6732K, reserved 1048576K
}
Event: 4.304 GC heap before
{Heap before GC invocations=10 (full 0):
 garbage-first heap   total 155648K, used 115062K [0x0000000080000000, 0x0000000100000000)
  region size 1024K, 76 young (77824K), 11 survivors (11264K)
 Metaspace       used 56983K, capacity 58616K, committed 58956K, reserved 1099776K
  class space    used 7269K, capacity 7878K, committed 8012K, reserved 1048576K
}
Event: 4.312 GC heap after
{Heap after GC invocations=11 (full 0):
 garbage-first heap   total 155648K, used 52537K [0x0000000080000000, 0x0000000100000000)
  region size 1024K, 4 young (4096K), 4 survivors (4096K)
 Metaspace       used 56983K, capacity 58616K, committed 58956K, reserved 1099776K
  class space    used 7269K, capacity 7878K, committed 8012K, reserved 1048576K
}
Event: 4.444 GC heap before
{Heap before GC invocations=11 (full 0):
 garbage-first heap   total 155648K, used 67897K [0x0000000080000000, 0x0000000100000000)
  region size 1024K, 21 young (21504K), 4 survivors (4096K)
 Metaspace       used 58624K, capacity 60132K, committed 60288K, reserved 1101824K
  class space    used 7449K, capacity 8040K, committed 8140K, reserved 1048576K
}
Event: 4.448 GC heap after
{Heap after GC invocations=12 (full 0):
 garbage-first heap   total 155648K, used 54841K [0x0000000080000000, 0x0000000100000000)
  region size 1024K, 6 young (6144K), 6 survivors (6144K)
 Metaspace       used 58624K, capacity 60132K, committed 60288K, reserved 1101824K
  class space    used 7449K, capacity 8040K, committed 8140K, reserved 1048576K
}
Event: 4.997 GC heap before
{Heap before GC invocations=13 (full 0):
 garbage-first heap   total 155648K, used 119353K [0x0000000080000000, 0x0000000100000000)
  region size 1024K, 69 young (70656K), 6 survivors (6144K)
 Metaspace       used 66110K, capacity 67758K, committed 67840K, reserved 1107968K
  class space    used 8334K, capacity 8970K, committed 9036K, reserved 1048576K
}
Event: 5.004 GC heap after
{Heap after GC invocations=14 (full 0):
 garbage-first heap   total 155648K, used 58183K [0x0000000080000000, 0x0000000100000000)
  region size 1024K, 7 young (7168K), 7 survivors (7168K)
 Metaspace       used 66110K, capacity 67758K, committed 67840K, reserved 1107968K
  class space    used 8334K, capacity 8970K, committed 9036K, reserved 1048576K
}

